<?xml version="1.0" encoding="UTF-8"?>
<testsuite xmlns:xsi="http://www.w3.org/2001/XMLSchema-instance" xsi:noNamespaceSchemaLocation="https://maven.apache.org/surefire/maven-surefire-plugin/xsd/surefire-test-report-3.0.xsd" version="3.0" name="com.demo.auction.controller.ProductControllerTest" time="4.378" tests="8" errors="0" skipped="0" failures="0">
  <properties>
[...]
</properties>
  <testcase name="delete_found_shouldReturn204" classname="com.demo.auction.controller.ProductControllerTest" time="0.258">
    <system-out><![CDATA[09:59:55.120 [main] INFO org.springframework.test.context.support.AnnotationConfigContextLoaderUtils -- Could not detect default configuration classes for test class [com.demo.auction.controller.ProductControllerTest]: ProductControllerTest does not declare any static, non-private, non-final, nested classes annotated with @Configuration.
09:59:55.327 [main] INFO org.springframework.boot.test.context.SpringBootTestContextBootstrapper -- Found @SpringBootConfiguration com.demo.auction.AuctionApplication for test class com.demo.auction.controller.ProductControllerTest

  .   ____          _            __ _ _
 /\\ / ___'_ __ _ _(_)_ __  __ _ \ \ \ \
( ( )\___ | '_ | '_| | '_ \/ _` | \ \ \ \
 \\/  ___)| |_)| | | | | || (_| |  ) ) ) )
  '  |____| .__|_| |_|_| |_\__, | / / / /
 =========|_|==============|___/=/_/_/_/
 :: Spring Boot ::                (v3.2.0)

2026-04-30T09:59:55.848-06:00  INFO 13636 --- [auction-backend] [           main] c.d.a.controller.ProductControllerTest   : Starting ProductControllerTest using Java 17.0.18 with PID 13636 (started by sebas in C:\Users\sebas\Documents\cicd-Demo-ultimate\cicd-demo\backend)
2026-04-30T09:59:55.848-06:00  INFO 13636 --- [auction-backend] [           main] c.d.a.controller.ProductControllerTest   : No active profile set, falling back to 1 default profile: "default"
2026-04-30T09:59:58.572-06:00  INFO 13636 --- [auction-backend] [           main] o.s.b.t.m.w.SpringBootMockServletContext : Initializing Spring TestDispatcherServlet ''
2026-04-30T09:59:58.572-06:00  INFO 13636 --- [auction-backend] [           main] o.s.t.web.servlet.TestDispatcherServlet  : Initializing Servlet ''
2026-04-30T09:59:58.577-06:00  INFO 13636 --- [auction-backend] [           main] o.s.t.web.servlet.TestDispatcherServlet  : Completed initialization in 5 ms
2026-04-30T09:59:58.611-06:00  INFO 13636 --- [auction-backend] [           main] c.d.a.controller.ProductControllerTest   : Started ProductControllerTest in 3.176 seconds (process running for 4.485)
]]></system-out>
  </testcase>
  <testcase name="update_found_shouldReturn200" classname="com.demo.auction.controller.ProductControllerTest" time="0.209"/>
  <testcase name="delete_notFound_shouldReturn404" classname="com.demo.auction.controller.ProductControllerTest" time="0.009"/>
  <testcase name="create_shouldReturnCreated" classname="com.demo.auction.controller.ProductControllerTest" time="0.08"/>
  <testcase name="findById_notFound_shouldReturn404" classname="com.demo.auction.controller.ProductControllerTest" time="0.009"/>
  <testcase name="findAll_shouldReturnAllProducts" classname="com.demo.auction.controller.ProductControllerTest" time="0.025"/>
  <testcase name="findAll_withActiveOnly_shouldReturnActiveProducts" classname="com.demo.auction.controller.ProductControllerTest" time="0.003"/>
  <testcase name="findById_found_shouldReturn200" classname="com.demo.auction.controller.ProductControllerTest" time="0.011"/>
</testsuite>